In file included from /opt/ros/noetic/include/ros/ros.h:40,
                 from /home/tutu/FControl/mavros_ws/src/offboard_pkg/src/TaskManager.h:1,
                 from /home/tutu/FControl/mavros_ws/src/offboard_pkg/src/MultiBody.h:1,
                 from /home/tutu/FControl/mavros_ws/src/offboard_pkg/src/MultiBody.cpp:1:
/home/tutu/FControl/mavros_ws/src/offboard_pkg/src/MultiBody.cpp: In member function ‘bool MultiBody::FlightCircle()’:
/home/tutu/FControl/mavros_ws/src/offboard_pkg/src/MultiBody.cpp:339:26: warning: format ‘%d’ expects argument of type ‘int’, but argument 8 has type ‘size_t’ {aka ‘long unsigned int’} [-Wformat=]
  339 |                 ROS_INFO("lla_lead0, %d, %f, %f, %f", i, lla_lead0.x(), lla_lead0.y(), lla_lead0.z());
      |                          ^~~~~~~~~~~~~~~~~~~~~~~~~~~  ~
      |                                                       |
      |                                                       size_t {aka long unsigned int}
/opt/ros/noetic/include/ros/console.h:351:165: note: in definition of macro ‘ROSCONSOLE_PRINT_AT_LOCATION_WITH_FILTER’
  351 |     ::ros::console::print(filter, __rosconsole_define_location__loc.logger_, __rosconsole_define_location__loc.level_, __FILE__, __LINE__, __ROSCONSOLE_FUNCTION__, __VA_ARGS__)
      |                                                                                                                                                                     ^~~~~~~~~~~
/opt/ros/noetic/include/ros/console.h:390:7: note: in expansion of macro ‘ROSCONSOLE_PRINT_AT_LOCATION’
  390 |       ROSCONSOLE_PRINT_AT_LOCATION(__VA_ARGS__); \
      |       ^~~~~~~~~~~~~~~~~~~~~~~~~~~~
/opt/ros/noetic/include/ros/console.h:575:35: note: in expansion of macro ‘ROS_LOG_COND’
  575 | #define ROS_LOG(level, name, ...) ROS_LOG_COND(true, level, name, __VA_ARGS__)
      |                                   ^~~~~~~~~~~~
/opt/ros/noetic/include/rosconsole/macros_generated.h:110:23: note: in expansion of macro ‘ROS_LOG’
  110 | #define ROS_INFO(...) ROS_LOG(::ros::console::levels::Info, ROSCONSOLE_DEFAULT_NAME, __VA_ARGS__)
      |                       ^~~~~~~
/home/tutu/FControl/mavros_ws/src/offboard_pkg/src/MultiBody.cpp:339:17: note: in expansion of macro ‘ROS_INFO’
  339 |                 ROS_INFO("lla_lead0, %d, %f, %f, %f", i, lla_lead0.x(), lla_lead0.y(), lla_lead0.z());
      |                 ^~~~~~~~
/home/tutu/FControl/mavros_ws/src/offboard_pkg/src/MultiBody.cpp:339:39: note: format string is defined here
  339 |                 ROS_INFO("lla_lead0, %d, %f, %f, %f", i, lla_lead0.x(), lla_lead0.y(), lla_lead0.z());
      |                                      ~^
      |                                       |
      |                                       int
      |                                      %ld
In file included from /opt/ros/noetic/include/ros/ros.h:40,
                 from /home/tutu/FControl/mavros_ws/src/offboard_pkg/src/TaskManager.h:1,
                 from /home/tutu/FControl/mavros_ws/src/offboard_pkg/src/MultiBody.h:1,
                 from /home/tutu/FControl/mavros_ws/src/offboard_pkg/src/MultiBody.cpp:1:
/home/tutu/FControl/mavros_ws/src/offboard_pkg/src/MultiBody.cpp:340:26: warning: format ‘%d’ expects argument of type ‘int’, but argument 8 has type ‘size_t’ {aka ‘long unsigned int’} [-Wformat=]
  340 |                 ROS_INFO("lla, %d, %f, %f, %f", i, lla.x(), lla.y(), lla.z());
      |                          ^~~~~~~~~~~~~~~~~~~~~  ~
      |                                                 |
      |                                                 size_t {aka long unsigned int}
/opt/ros/noetic/include/ros/console.h:351:165: note: in definition of macro ‘ROSCONSOLE_PRINT_AT_LOCATION_WITH_FILTER’
  351 |     ::ros::console::print(filter, __rosconsole_define_location__loc.logger_, __rosconsole_define_location__loc.level_, __FILE__, __LINE__, __ROSCONSOLE_FUNCTION__, __VA_ARGS__)
      |                                                                                                                                                                     ^~~~~~~~~~~
/opt/ros/noetic/include/ros/console.h:390:7: note: in expansion of macro ‘ROSCONSOLE_PRINT_AT_LOCATION’
  390 |       ROSCONSOLE_PRINT_AT_LOCATION(__VA_ARGS__); \
      |       ^~~~~~~~~~~~~~~~~~~~~~~~~~~~
/opt/ros/noetic/include/ros/console.h:575:35: note: in expansion of macro ‘ROS_LOG_COND’
  575 | #define ROS_LOG(level, name, ...) ROS_LOG_COND(true, level, name, __VA_ARGS__)
      |                                   ^~~~~~~~~~~~
/opt/ros/noetic/include/rosconsole/macros_generated.h:110:23: note: in expansion of macro ‘ROS_LOG’
  110 | #define ROS_INFO(...) ROS_LOG(::ros::console::levels::Info, ROSCONSOLE_DEFAULT_NAME, __VA_ARGS__)
      |                       ^~~~~~~
/home/tutu/FControl/mavros_ws/src/offboard_pkg/src/MultiBody.cpp:340:17: note: in expansion of macro ‘ROS_INFO’
  340 |                 ROS_INFO("lla, %d, %f, %f, %f", i, lla.x(), lla.y(), lla.z());
      |                 ^~~~~~~~
/home/tutu/FControl/mavros_ws/src/offboard_pkg/src/MultiBody.cpp:340:33: note: format string is defined here
  340 |                 ROS_INFO("lla, %d, %f, %f, %f", i, lla.x(), lla.y(), lla.z());
      |                                ~^
      |                                 |
      |                                 int
      |                                %ld
