In file included from /opt/ros/noetic/include/ros/ros.h:40,
                 from /home/tutu/FControl/mavros_ws/src/offboard_pkg/src/TaskManager.h:1,
                 from /home/tutu/FControl/mavros_ws/src/offboard_pkg/src/MultiBody.h:1,
                 from /home/tutu/FControl/mavros_ws/src/offboard_pkg/src/MultiBody.cpp:1:
/home/tutu/FControl/mavros_ws/src/offboard_pkg/src/MultiBody.cpp: In member function ‘bool MultiBody::gps_mission_init(double&, geometry_msgs::Quaternion&, Eigen::Vector3d&, MultiBody::mission_type)’:
/home/tutu/FControl/mavros_ws/src/offboard_pkg/src/MultiBody.cpp:219:14: warning: format ‘%d’ expects argument of type ‘int’, but argument 8 has type ‘size_t’ {aka ‘long unsigned int’} [-Wformat=]
  219 |     ROS_INFO("j %d, ninit %d", j, ninit_mission_required);
      |              ^~~~~~~~~~~~~~~~  ~
      |                                |
      |                                size_t {aka long unsigned int}
/opt/ros/noetic/include/ros/console.h:351:165: note: in definition of macro ‘ROSCONSOLE_PRINT_AT_LOCATION_WITH_FILTER’
  351 |     ::ros::console::print(filter, __rosconsole_define_location__loc.logger_, __rosconsole_define_location__loc.level_, __FILE__, __LINE__, __ROSCONSOLE_FUNCTION__, __VA_ARGS__)
      |                                                                                                                                                                     ^~~~~~~~~~~
/opt/ros/noetic/include/ros/console.h:390:7: note: in expansion of macro ‘ROSCONSOLE_PRINT_AT_LOCATION’
  390 |       ROSCONSOLE_PRINT_AT_LOCATION(__VA_ARGS__); \
      |       ^~~~~~~~~~~~~~~~~~~~~~~~~~~~
/opt/ros/noetic/include/ros/console.h:575:35: note: in expansion of macro ‘ROS_LOG_COND’
  575 | #define ROS_LOG(level, name, ...) ROS_LOG_COND(true, level, name, __VA_ARGS__)
      |                                   ^~~~~~~~~~~~
/opt/ros/noetic/include/rosconsole/macros_generated.h:110:23: note: in expansion of macro ‘ROS_LOG’
  110 | #define ROS_INFO(...) ROS_LOG(::ros::console::levels::Info, ROSCONSOLE_DEFAULT_NAME, __VA_ARGS__)
      |                       ^~~~~~~
/home/tutu/FControl/mavros_ws/src/offboard_pkg/src/MultiBody.cpp:219:5: note: in expansion of macro ‘ROS_INFO’
  219 |     ROS_INFO("j %d, ninit %d", j, ninit_mission_required);
      |     ^~~~~~~~
/home/tutu/FControl/mavros_ws/src/offboard_pkg/src/MultiBody.cpp:219:18: note: format string is defined here
  219 |     ROS_INFO("j %d, ninit %d", j, ninit_mission_required);
      |                 ~^
      |                  |
      |                  int
      |                 %ld
